
      DNN LO SPD RDR BIN loader                                           Page 1


    1             TITLE   "DNN LO SPD RDR BIN loader"
    2             
    3       7612  *7612
    4 07612 0000  SWITCH, 0                       /
    5 07613 0000  MEMTEM, 0                       /
    6 07614 0000  CHAR,   0                       /
    7 07615 0000  CHKSUM, 0                       /
    8 07616 0000  ORIGIN, 0                       /
    9             
   10       7626  *7626
   11 07626 0000  BEGG,   0                       /
   12 07627 3212          DCA SWITCH              / get switch
   13 07630 4256          JMS READ                / get a character
   14 07631 1345          TAD M376                / test for 377
   15 07632 7750          SPA SNA CLA             /
   16 07633 5237           JMP L1                 / no
   17 07634 2212          ISZ SWITCH              / yes, complement switch
   18 07635 7040           CMA                    /
   19 07636 5227          JMP BEGG+1              /
   20 07637 1212  L1,     TAD SWITCH              / not 377
   21 07640 7640          SZA CLA                 / is switch set?
   22 07641 5230           JMP BEGG+2             / yes; ignore
   23 07642 1214          TAD CHAR                / no; test for code
   24 07643 0342          AND MASK                / types
   25 07644 1344          TAD M200                / 
   26 07645 7510          SPA                     /
   27 07646 2226           ISZ BEGG               / data or origin
   28 07647 7750            SPA SNA CLA           /
   29 07650 5626             JMP I BEGG           / data, origin, or L/T
   30 07651 1214          TAD CHAR                / field setting
   31 07652 0343          AND FMASK               /
   32 07653 1341          TAD CHANGE              /
   33 07654 3213          DCA MEMTEM              /
   34 07655 5230          JMP BEGG+2              / continue input
   35             
   36 07656 0000  READ,   0                       / return address
   37 07657 6031          KSF                     / wait for flag
   38 07660 5257           JMP .-1                / loop
   39 07661 6036          KRB                     / read char
   40 07662 3214          DCA CHAR                / save
   41 07663 1214          TAD CHAR                / get
   42 07664 5656          JMP I READ              / return
   43             
   44 07665 0000  ASSEMB, 0                       / return address
   45 07666 1376          TAD WORD1               /
   46 07667 7106          CLL RTL                 /
   47 07670 7006          RTL                     /
   48 07671 7006          RTL                     /
   49 07672 1346          TAD WORD2               /
   50 07673 5665          JMP I ASSEMB            / return
   51             
   52 07674 4265  BEND,   JMS ASSEMB              / trailer code seen
   53 07675 7041          CIA                     /
   54 07676 1215          TAD CHKSUM              /
   55 07677 7440          SZA                     / skip if no checksum error
   56 07700 7402           HLT                    /
   57 07701 7200          CLA / LAS               / get switches

      DNN LO SPD RDR BIN loader                                           Page 2


   58 07702 7500          SMA                     / if SR<0>=1 keep loading
   59 07703 5740           JMP I START            / go to program
   60 07704 6032  BEGIN,  KCC                     /
   61 07705 6214          RDF                     /
   62 07706 1341          TAD CHANGE              /
   63 07707 3213          DCA MEMTEM              / save field instruction
   64 07710 4226          JMS BEGG                /
   65 07711 5310           JMP .-1                / ignore leader
   66             
   67 07712 3215  GO,     DCA CHKSUM              / init checksum
   68 07713 1213          TAD MEMTEM              /
   69 07714 3333          DCA MEMFLD              /
   70 07715 1214          TAD CHAR                /
   71 07716 3376          DCA WORD1               /
   72 07717 4256          JMS READ                /
   73 07720 3346          DCA WORD2               /
   74 07721 4226          JMS BEGG                / look ahead
   75 07722 5274           JMP BEND               / trailer, end
   76 07723 4265          JMS ASSEMB              /
   77 07724 7420          SNL                     /
   78 07725 5333           JMP MEMFLD             /
   79 07726 3216          DCA ORIGIN              /
   80 07727 1376  CHEX,   TAD WORD1               /
   81 07730 1346          TAD WORD2               /
   82 07731 1215          TAD CHKSUM              /
   83 07732 5312          JMP GO                  /
   84 07733 6201  MEMFLD, CDF                     /
   85 07734 3616          DCA I ORIGIN            /
   86 07735 2216          ISZ ORIGIN              /
   87 07736 7200           CLA                    /
   88 07737 5327          JMP CHEX                /
   89             
   90 07740 0200  START,  200                     /
   91 07741 6201  CHANGE, CDF                     /
   92 07742 0300  MASK,   300                     /
   93 07743 0070  FMASK,  70                      /
   94 07744 7600  M200,   -200                    /
   95 07745 7402  M376,   -376                    /
   96       7776  WORD1=7776                      /
   97 07746 0000  WORD2,  0                       /
   98             
   99             / loc 7737-7755 is H/W bootstrap space
  100             / loc 7756-7776 is RIMLDR space
  101             
  102       7777  *7777
  103 07777 5304          JMP BEGIN               / jump to start address
  104             
  105       7752  *7752                           / align to RIMLDR location
  106 07752 6032          KCC                     / first instr in std RIMLDR
  107 07753 1352          TAD .-1                 / get KCC instr
  108 07754 3356          DCA .+2                 / restore into RIMLDR
  109 07755 5304          JMP BEGIN               / start program
  110 07756 5353          JMP .-3                 / overlay first word of RIMLDR
  111             

      No detected errors

      DNN LO SPD RDR BIN loader                                           Page 3
                                                                    Symbol Table

    1  ASSEMB 07665 
    2  BEGG   07626 
    3  BEGIN  07704 
    4  BEND   07674 
    5  CHANGE 07741 
    6  CHAR   07614 
    7  CHEX   07727 
    8  CHKSUM 07615 
    9  FMASK  07743 
   10  GO     07712 
   11  L1     07637 
   12  M200   07744 
   13  M376   07745 
   14  MASK   07742 
   15  MEMFLD 07733 
   16  MEMTEM 07613 
   17  ORIGIN 07616 
   18  READ   07656 
   19  START  07740 
   20  SWITCH 07612 
   21  WORD1   7776 
   22  WORD2  07746 

      DNN LO SPD RDR BIN loader                                           Page 4
                                                                 Cross Reference

    1 A     44  ASSEMB       50     52     76
    2 A     11  BEGG         19     22     27     29     34     64     74
    3 A     60  BEGIN       103    109
    4 A     52  BEND         75
    5 A     91  CHANGE       32     62
    6 A      6  CHAR         23     30     40     41     70
    7 A     80  CHEX         88
    8 A      7  CHKSUM       54     67     82
    9 A     93  FMASK        31
   10 A     67  GO           83
   11 A     20  L1           16
   12 A     94  M200         25
   13 A     95  M376         14
   14 A     92  MASK         24
   15 A     84  MEMFLD       69     78
   16 A      5  MEMTEM       33     63     68
   17 A      8  ORIGIN       79     85     86
   18 A     36  READ         13     42     72
   19 A     90  START        59
   20 A      4  SWITCH       12     17     20
   21 A     96  WORD1        45     71     80
   22 A     97  WORD2        49     73     81

      DNN LO SPD RDR BIN loader                                           Page 5
                                                                      Memory Map

    1 00000/ ........ ........ ........ ........ ........ ........ ........ ........
    2 00100/ ........ ........ ........ ........ ........ ........ ........ ........
    3
    4 00200/ ........ ........ ........ ........ ........ ........ ........ ........
    5 00300/ ........ ........ ........ ........ ........ ........ ........ ........
    6
    7 00400/ ........ ........ ........ ........ ........ ........ ........ ........
    8 00500/ ........ ........ ........ ........ ........ ........ ........ ........
    9
   10 00600/ ........ ........ ........ ........ ........ ........ ........ ........
   11 00700/ ........ ........ ........ ........ ........ ........ ........ ........
   12
   13 01000/ ........ ........ ........ ........ ........ ........ ........ ........
   14 01100/ ........ ........ ........ ........ ........ ........ ........ ........
   15
   16 01200/ ........ ........ ........ ........ ........ ........ ........ ........
   17 01300/ ........ ........ ........ ........ ........ ........ ........ ........
   18
   19 01400/ ........ ........ ........ ........ ........ ........ ........ ........
   20 01500/ ........ ........ ........ ........ ........ ........ ........ ........
   21
   22 01600/ ........ ........ ........ ........ ........ ........ ........ ........
   23 01700/ ........ ........ ........ ........ ........ ........ ........ ........
   24
   25 02000/ ........ ........ ........ ........ ........ ........ ........ ........
   26 02100/ ........ ........ ........ ........ ........ ........ ........ ........
   27
   28 02200/ ........ ........ ........ ........ ........ ........ ........ ........
   29 02300/ ........ ........ ........ ........ ........ ........ ........ ........
   30
   31 02400/ ........ ........ ........ ........ ........ ........ ........ ........
   32 02500/ ........ ........ ........ ........ ........ ........ ........ ........
   33
   34 02600/ ........ ........ ........ ........ ........ ........ ........ ........
   35 02700/ ........ ........ ........ ........ ........ ........ ........ ........
   36
   37 03000/ ........ ........ ........ ........ ........ ........ ........ ........
   38 03100/ ........ ........ ........ ........ ........ ........ ........ ........
   39
   40 03200/ ........ ........ ........ ........ ........ ........ ........ ........
   41 03300/ ........ ........ ........ ........ ........ ........ ........ ........
   42
   43 03400/ ........ ........ ........ ........ ........ ........ ........ ........
   44 03500/ ........ ........ ........ ........ ........ ........ ........ ........
   45
   46 03600/ ........ ........ ........ ........ ........ ........ ........ ........
   47 03700/ ........ ........ ........ ........ ........ ........ ........ ........
   48

      DNN LO SPD RDR BIN loader                                           Page 6
                                                                      Memory Map

   49 04000/ ........ ........ ........ ........ ........ ........ ........ ........
   50 04100/ ........ ........ ........ ........ ........ ........ ........ ........
   51
   52 04200/ ........ ........ ........ ........ ........ ........ ........ ........
   53 04300/ ........ ........ ........ ........ ........ ........ ........ ........
   54
   55 04400/ ........ ........ ........ ........ ........ ........ ........ ........
   56 04500/ ........ ........ ........ ........ ........ ........ ........ ........
   57
   58 04600/ ........ ........ ........ ........ ........ ........ ........ ........
   59 04700/ ........ ........ ........ ........ ........ ........ ........ ........
   60
   61 05000/ ........ ........ ........ ........ ........ ........ ........ ........
   62 05100/ ........ ........ ........ ........ ........ ........ ........ ........
   63
   64 05200/ ........ ........ ........ ........ ........ ........ ........ ........
   65 05300/ ........ ........ ........ ........ ........ ........ ........ ........
   66
   67 05400/ ........ ........ ........ ........ ........ ........ ........ ........
   68 05500/ ........ ........ ........ ........ ........ ........ ........ ........
   69
   70 05600/ ........ ........ ........ ........ ........ ........ ........ ........
   71 05700/ ........ ........ ........ ........ ........ ........ ........ ........
   72
   73 06000/ ........ ........ ........ ........ ........ ........ ........ ........
   74 06100/ ........ ........ ........ ........ ........ ........ ........ ........
   75
   76 06200/ ........ ........ ........ ........ ........ ........ ........ ........
   77 06300/ ........ ........ ........ ........ ........ ........ ........ ........
   78
   79 06400/ ........ ........ ........ ........ ........ ........ ........ ........
   80 06500/ ........ ........ ........ ........ ........ ........ ........ ........
   81
   82 06600/ ........ ........ ........ ........ ........ ........ ........ ........
   83 06700/ ........ ........ ........ ........ ........ ........ ........ ........
   84
   85 07000/ ........ ........ ........ ........ ........ ........ ........ ........
   86 07100/ ........ ........ ........ ........ ........ ........ ........ ........
   87
   88 07200/ ........ ........ ........ ........ ........ ........ ........ ........
   89 07300/ ........ ........ ........ ........ ........ ........ ........ ........
   90
   91 07400/ ........ ........ ........ ........ ........ ........ ........ ........
   92 07500/ ........ ........ ........ ........ ........ ........ ........ ........
   93
   94 07600/ ........ ..XXXXX. ......XX XXXXXXXX XXXXXXXX XXXXXXXX XXXXXXXX XXXXXXXX
   95 07700/ XXXXXXXX XXXXXXXX XXXXXXXX XXXXXXXX XXXXXXX. ..XXXXX. ........ .......X
   96
