
      AUTOMATIC DISASSEMBLY OF MAINDEC-8E-D1GB-PB.bin BY D8TAPE           Page 1


    1             TITLE "AUTOMATIC DISASSEMBLY OF MAINDEC-8E-D1GB-PB.bin BY D8TAPE"
    2             ////////////////////////////////////////////////////////////////////////////////
    3             /
    4             /   Automatic Disassembly of MAINDEC-8E-D1GB-PB.bin
    5             /   Generated 2015 10 26 22:25:52
    6             /   Generated by d8tape version 0.347
    7             /   Visit http://www.pdp12.org/pdp8/software/index.html for updates
    8             /
    9             /   Symbol format:
   10             /       AIx   -- Auto-index variables (address range 001x)
   11             /       Caaaa -- Constants (non-unique)
   12             /       Daaaa -- Data (read/write variables)
   13             /       Kvvvv -- Program-wide unique constants
   14             /       Laaaa -- Labels for control flow targets
   15             /       Saaaa -- Subroutines
   16             /
   17             /   Where:
   18             /       aaaa is the definition address
   19             /       vvvv is the value of the constant
   20             /       x    is the last digit of the address 001x for auto-index variables
   21             /
   22             /   0064 locations used, 0051 code and 0013 data
   23             ////////////////////////////////////////////////////////////////////////////////
   24             
   25       0200  *0200
   26             
   27       0200  *0200
   28 00200 5013      JMP   L0013             /                                       @@0200=5013
   29 00201 5032      JMP   L0032             /                                       @@0201=5032
   30             
   31       0000  *0000
   32 00000 0000  C0000,  0000                / AND   C0000                           
   33             L0001,
   34 00001 5001      JMP   L0001             /                                       @@0001=5001
   35 00002 0002  C0002,  0002                / AND   C0002                           
   36 00003 0003  C0003,  0003                / AND   C0003                           
   37 00004 0000      AND   C0000             /                                       @@0004=0000
   38 00005 0000      AND   C0000             /                                       @@0005=0000
   39 00006 0000      AND   C0000             /                                       @@0006=0000
   40 00007 0000  D0007,  0000                / AND   C0000                           
   41 00010 0000  AI0,    0000                / AUTO-INDEX REGISTER AND   C0000                           
   42 00011 0000  AI1,    0000                / AUTO-INDEX REGISTER AND   C0000                           
   43 00012 0000  AI2,    0000                / AUTO-INDEX REGISTER AND   C0000                           
   44             L0013,
   45 00013 7300      CLA CLL                 / AC = 0000                             @@0013=7300
   46 00014 1056      TAD   C0056             /                                       @@0014=1056
   47 00015 3011      DCA   AI1               / AUTO INDEX REGISTER                   @@0015=3011
   48 00016 1057      TAD   C0057             /                                       @@0016=1057
   49 00017 3012      DCA   AI2               / AUTO INDEX REGISTER                   @@0017=3012
   50             L0020,
   51 00020 1060      TAD   C0060             /                                       @@0020=1060
   52 00021 3411      DCA I AI1               / AUTO INDEX REGISTER                   @@0021=3411
   53 00022 1061      TAD   C0061             /                                       @@0022=1061
   54 00023 3412      DCA I AI2               / AUTO INDEX REGISTER                   @@0023=3412
   55 00024 1011      TAD   AI1               / AUTO INDEX REGISTER                   @@0024=1011
   56 00025 7041      CIA                     /                                       @@0025=7041
   57 00026 1057      TAD   C0057             /                                       @@0026=1057

      AUTOMATIC DISASSEMBLY OF MAINDEC-8E-D1GB-PB.bin BY D8TAPE           Page 2


   58 00027 7640      SZA CLA                 /                                       @@0027=7640
   59 00030 5020      JMP   L0020             /                                       @@0030=5020
   60 00031 7402      HLT                     /                                       @@0031=7402
   61             L0032,
   62 00032 7300      CLA CLL                 / AC = 0000                             @@0032=7300
   63 00033 1056      TAD   C0056             /                                       @@0033=1056
   64 00034 3011      DCA   AI1               / AUTO INDEX REGISTER                   @@0034=3011
   65 00035 1057      TAD   C0057             /                                       @@0035=1057
   66 00036 3012      DCA   AI2               / AUTO INDEX REGISTER                   @@0036=3012
   67             L0037,
   68 00037 1411      TAD I AI1               / AUTO INDEX REGISTER                   @@0037=1411
   69 00040 3007      DCA   D0007             /                                       @@0040=3007
   70 00041 1412      TAD I AI2               / AUTO INDEX REGISTER                   @@0041=1412
   71 00042 3010      DCA   AI0               / AUTO INDEX REGISTER                   @@0042=3010
   72 00043 1007      TAD   D0007             /                                       @@0043=1007
   73 00044 1010      TAD   AI0               / AUTO INDEX REGISTER                   @@0044=1010
   74 00045 7040      CMA                     /                                       @@0045=7040
   75 00046 7440      SZA                     /                                       @@0046=7440
   76 00047 7402      HLT                     /                                       @@0047=7402
   77 00050 1011      TAD   AI1               / AUTO INDEX REGISTER                   @@0050=1011
   78 00051 7041      CIA                     /                                       @@0051=7041
   79 00052 1057      TAD   C0057             /                                       @@0052=1057
   80 00053 7640      SZA CLA                 /                                       @@0053=7640
   81 00054 5037      JMP   L0037             /                                       @@0054=5037
   82 00055 5032      JMP   L0032             /                                       @@0055=5032
   83 00056 0201  C0056,  0201                / AND   L0001                           
   84 00057 4001  C0057,  4001                / JMS   L0001                           
   85 00060 2525  C0060,  2525                / ISZ I C0125                           
   86 00061 5252  C0061,  5252                / JMP   C0052                           
   87             
   88       7751  *7751                       / align to RIMLDR location
   89 07751 0200      0200                    / addr of program start
   90 07752 6032      KCC                     / first instr in std RIMLDR
   91 07753 1352      TAD .-1                 / get KCC instr
   92 07754 3356      DCA .+2                 / restore into RIMLDR
   93 07755 5751      JMP I .-4               / start program
   94 07756 5353      JMP .-3                 / overlay first word of RIMLDR
   95             

      No detected errors

      AUTOMATIC DISASSEMBLY OF MAINDEC-8E-D1GB-PB.bin BY D8TAPE           Page 3
                                                                    Symbol Table

    1  AI0    00010 
    2  AI1    00011 
    3  AI2    00012 
    4  C0000  00000 
    5  C0002  00002 
    6  C0003  00003 
    7  C0056  00056 
    8  C0057  00057 
    9  C0060  00060 
   10  C0061  00061 
   11  D0007  00007 
   12  L0001  00001 
   13  L0013  00013 
   14  L0020  00020 
   15  L0032  00032 
   16  L0037  00037 

      AUTOMATIC DISASSEMBLY OF MAINDEC-8E-D1GB-PB.bin BY D8TAPE           Page 4
                                                                 Cross Reference

    1 A     41  AI0          71     73
    2 A     42  AI1          47     52     55     64     68     77
    3 A     43  AI2          49     54     66     70
    4 A     32  C0000        37     38     39
    5 A     35  C0002   
    6 A     36  C0003   
    7 A     83  C0056        46     63
    8 A     84  C0057        48     57     65     79
    9 A     85  C0060        51
   10 A     86  C0061        53
   11 A     40  D0007        69     72
   12 A     33  L0001        34
   13 A     44  L0013        28
   14 A     50  L0020        59
   15 A     61  L0032        29     82
   16 A     67  L0037        81

      AUTOMATIC DISASSEMBLY OF MAINDEC-8E-D1GB-PB.bin BY D8TAPE           Page 5
                                                                      Memory Map

    1 00000/ XXXXXXXX XXXXXXXX XXXXXXXX XXXXXXXX XXXXXXXX XXXXXXXX XX...... ........
    2 00100/ ........ ........ ........ ........ ........ ........ ........ ........
    3
    4 00200/ XX...... ........ ........ ........ ........ ........ ........ ........
    5 00300/ ........ ........ ........ ........ ........ ........ ........ ........
    6
    7 00400/ ........ ........ ........ ........ ........ ........ ........ ........
    8 00500/ ........ ........ ........ ........ ........ ........ ........ ........
    9
   10 00600/ ........ ........ ........ ........ ........ ........ ........ ........
   11 00700/ ........ ........ ........ ........ ........ ........ ........ ........
   12
   13 01000/ ........ ........ ........ ........ ........ ........ ........ ........
   14 01100/ ........ ........ ........ ........ ........ ........ ........ ........
   15
   16 01200/ ........ ........ ........ ........ ........ ........ ........ ........
   17 01300/ ........ ........ ........ ........ ........ ........ ........ ........
   18
   19 01400/ ........ ........ ........ ........ ........ ........ ........ ........
   20 01500/ ........ ........ ........ ........ ........ ........ ........ ........
   21
   22 01600/ ........ ........ ........ ........ ........ ........ ........ ........
   23 01700/ ........ ........ ........ ........ ........ ........ ........ ........
   24
   25 02000/ ........ ........ ........ ........ ........ ........ ........ ........
   26 02100/ ........ ........ ........ ........ ........ ........ ........ ........
   27
   28 02200/ ........ ........ ........ ........ ........ ........ ........ ........
   29 02300/ ........ ........ ........ ........ ........ ........ ........ ........
   30
   31 02400/ ........ ........ ........ ........ ........ ........ ........ ........
   32 02500/ ........ ........ ........ ........ ........ ........ ........ ........
   33
   34 02600/ ........ ........ ........ ........ ........ ........ ........ ........
   35 02700/ ........ ........ ........ ........ ........ ........ ........ ........
   36
   37 03000/ ........ ........ ........ ........ ........ ........ ........ ........
   38 03100/ ........ ........ ........ ........ ........ ........ ........ ........
   39
   40 03200/ ........ ........ ........ ........ ........ ........ ........ ........
   41 03300/ ........ ........ ........ ........ ........ ........ ........ ........
   42
   43 03400/ ........ ........ ........ ........ ........ ........ ........ ........
   44 03500/ ........ ........ ........ ........ ........ ........ ........ ........
   45
   46 03600/ ........ ........ ........ ........ ........ ........ ........ ........
   47 03700/ ........ ........ ........ ........ ........ ........ ........ ........
   48

      AUTOMATIC DISASSEMBLY OF MAINDEC-8E-D1GB-PB.bin BY D8TAPE           Page 6
                                                                      Memory Map

   49 04000/ ........ ........ ........ ........ ........ ........ ........ ........
   50 04100/ ........ ........ ........ ........ ........ ........ ........ ........
   51
   52 04200/ ........ ........ ........ ........ ........ ........ ........ ........
   53 04300/ ........ ........ ........ ........ ........ ........ ........ ........
   54
   55 04400/ ........ ........ ........ ........ ........ ........ ........ ........
   56 04500/ ........ ........ ........ ........ ........ ........ ........ ........
   57
   58 04600/ ........ ........ ........ ........ ........ ........ ........ ........
   59 04700/ ........ ........ ........ ........ ........ ........ ........ ........
   60
   61 05000/ ........ ........ ........ ........ ........ ........ ........ ........
   62 05100/ ........ ........ ........ ........ ........ ........ ........ ........
   63
   64 05200/ ........ ........ ........ ........ ........ ........ ........ ........
   65 05300/ ........ ........ ........ ........ ........ ........ ........ ........
   66
   67 05400/ ........ ........ ........ ........ ........ ........ ........ ........
   68 05500/ ........ ........ ........ ........ ........ ........ ........ ........
   69
   70 05600/ ........ ........ ........ ........ ........ ........ ........ ........
   71 05700/ ........ ........ ........ ........ ........ ........ ........ ........
   72
   73 06000/ ........ ........ ........ ........ ........ ........ ........ ........
   74 06100/ ........ ........ ........ ........ ........ ........ ........ ........
   75
   76 06200/ ........ ........ ........ ........ ........ ........ ........ ........
   77 06300/ ........ ........ ........ ........ ........ ........ ........ ........
   78
   79 06400/ ........ ........ ........ ........ ........ ........ ........ ........
   80 06500/ ........ ........ ........ ........ ........ ........ ........ ........
   81
   82 06600/ ........ ........ ........ ........ ........ ........ ........ ........
   83 06700/ ........ ........ ........ ........ ........ ........ ........ ........
   84
   85 07000/ ........ ........ ........ ........ ........ ........ ........ ........
   86 07100/ ........ ........ ........ ........ ........ ........ ........ ........
   87
   88 07200/ ........ ........ ........ ........ ........ ........ ........ ........
   89 07300/ ........ ........ ........ ........ ........ ........ ........ ........
   90
   91 07400/ ........ ........ ........ ........ ........ ........ ........ ........
   92 07500/ ........ ........ ........ ........ ........ ........ ........ ........
   93
   94 07600/ ........ ........ ........ ........ ........ ........ ........ ........
   95 07700/ ........ ........ ........ ........ ........ .XXXXXX. ........ ........
   96
