       1                                	.sbttl	11/24 diagnostic/console prom
       2                                
       3 000000                         	.asect
       4        165000                  	.=165000
       5                                
       6        000500                  MEMLOC	=500
       7                                
       8 165000 000177                  	.word	000177
       9 165002 006020                  L20:	.word	006020
      10 165004 000000                  	.word	000000
      11 165006 012704  165002          	mov	#L20,r4
      12                                
      13 165012 012737  000003  177570  L11:	mov	#3,@#177570
      14                                
      15 165020 012737  165144  000004  DIAG:	mov	#NODIAG,@#4
      16 165026 005037  000006          	clr	@#6
      17 165032 010037  177640          	mov	r0,@#177640
      18 165036 010137  177642          	mov	r1,@#177642
      19 165042 005001                  	clr	r1
      20 165044 005201                  	inc	r1
      21 165046 005101                  	com	r1
      22 165050 006201                  	asr	r1
      23 165052 006301                  	asl	r1
      24 165054 006001                  	ror	r1
      25 165056 005701                  	tst	r1
      26 165060 005401                  	neg	r1
      27 165062 005301                  	dec	r1
      28 165064 005601                  	sbc	r1
      29 165066 005501                  	adc	r1
      30 165070 001026                  	bne	L1			; 000146 [.+56]
      31 165072 012702  165126          	mov	#L21,r2
      32 165076 011201                  	mov	(r2),r1
      33 165100 022201                  	cmp	(r2)+,r1
      34 165102 001021                  	bne	L1			; 000146 [.+44]
      35 165104 063201                  	add	@(r2)+,r1
      36 165106 165201                  	sub	@-(r2),r1
      37 165110 044201                  	bic	-(r2),r1
      38 165112 056201  000004          	bis	4(r2),r1
      39 165116 037201  000006          	bit	@6(r2),r1
      40 165122 001411                  	beq	L1			; 000146 [.+24]
      41 165124 000411                  	br	L2			; 000150 [.+24]
      42                                
      43 165126 165126                  L21:	.word	L21
      44 165130 165136                  	.word	L24
      45 165132 177777                  L22:	.word	-1
      46 165134 165132                  	.word	L22
      47 165136 000001                  L24:	.word	+1
      48 165140 000500                  L23:	.word	MEMLOC
      49 165142 000500                  	.word	MEMLOC
      50                                
      51 165144 000000                  NODIAG:	halt
      52                                
      53 165146 000000                  L1:	halt
      54                                
      55 165150 000277                  L2:	scc
      56 165152 001375                  	bne	L1			; 000146 [.-4]
      57 165154 100374                  	bpl	L1			; 000146 [.-6]
      58 165156 102373                  	bvc	L1			; 000146 [.-10]
      59 165160 103372                  	bcc	L1			; 000146 [.-12]
      60 165162 002771                  	blt	L1			; 000146 [.-14]
      61 165164 003370                  	bgt	L1			; 000146 [.-16]
      62 165166 101367                  	bhi	L1			; 000146 [.-20]
      63 165170 000257                  	ccc
      64 165172 001765                  	beq	L1			; 000146 [.-24]
      65 165174 100764                  	bmi	L1			; 000146 [.-26]
      66 165176 102763                  	bvs	L1			; 000146 [.-30]
      67 165200 103762                  	bcs	L1			; 000146 [.-32]
      68 165202 003761                  	ble	L1			; 000146 [.-34]
      69 165204 101760                  	blos	L1			; 000146 [.-36]
      70 165206 000270                  	sen
      71 165210 002356                  	bge	L1			; 000146 [.-42]
      72 165212 105001                  	clrb	r1
      73 165214 105201                  	incb	r1
      74 165216 105101                  	comb	r1
      75 165220 106201                  	asrb	r1
      76 165222 106301                  	aslb	r1
      77 165224 106001                  	rorb	r1
      78 165226 105401                  	negb	r1
      79 165230 105301                  	decb	r1
      80 165232 105601                  	sbcb	r1
      81 165234 106101                  	rolb	r1
      82 165236 105501                  	adcb	r1
      83 165240 000301                  	swab	r1
      84 165242 012703  000500          	mov	#MEMLOC,r3
      85 165246 105063  000001          	clrb	1(r3)
      86 165252 110113                  	movb	r1,(r3)
      87 165254 120123                  	cmpb	r1,(r3)+
      88 165256 001333                  	bne	L1			; 000146 [.-110]
      89 165260 105143                  	comb	-(r3)
      90 165262 012703  165140          	mov	#L23,r3
      91 165266 153733  165136          	bisb	@#L24,@(r3)+
      92 165272 143753  165132          	bicb	@#L22,@-(r3)
      93 165276 130173  000002          	bitb	r1,@2(r3)
      94 165302 001321                  	bne	L1			; 000146 [.-134]
      95 165304 012706  000500          	mov	#MEMLOC,sp
      96 165310 004767  165322'         	jsr	pc,L3
      97 165314 000714                  	br	L1			; 000146 [.-146]
      98 165316 000167  165364'         	jmp	L4
      99 165322 012701  000040          L3:	mov	#40,r1
     100 165326 070127  000010          	mul	#10,r1
     101 165332 006700                  	sxt	r0
     102 165334 072127  000006          	ash	#6,r1
     103 165340 073127  000071          	ashc	#71,r1
     104 165344 071027  000200          	div	#200,r0
     105 165350 005201                  	inc	r1
     106 165352 074001                  	xor	r0,r1
     107 165354 001274                  	bne	L1			; 000146 [.-206]
     108 165356 062716  000002          	add	#2,(sp)
     109 165362 000207                  	rts	pc
     110 165364 012737  000002  177570  L4:	mov	#2,@#177570
     111 165372 005037  172340          	clr	@#172340
     112 165376 012737  077406  172300  	mov	#077406,@#172300
     113 165404 005037  172342          	clr	@#172342
     114 165410 012737  077406  172302  	mov	#077406,@#172302
     115 165416 012737  177600  172356  	mov	#177600,@#172356
     116 165424 012737  077406  172316  	mov	#077406,@#172316
     117 165432 005037  177776          	clr	@#177776
     118 165436 005237  177572          	inc	@#177572
     119 165442 012737  000020  172516  	mov	#20,@#172516
     120 165450 012702  000002          	mov	#2,r2
     121 165454 012737  165552  000004  L9:	mov	#L25,@#4
     122 165462 012703  020000          	mov	#20000,r3
     123 165466 012705  010000          	mov	#10000,r5
     124 165472 010301                  	mov	r3,r1
     125 165474 010500                  	mov	r5,r0
     126 165476 010111                  L5:	mov	r1,(r1)
     127 165500 060201                  	add	r2,r1
     128 165502 077003                  	sob	r0,L5			; 000476 [.-4]
     129 165504 010301                  	mov	r3,r1
     130 165506 010500                  	mov	r5,r0
     131 165510 020111                  L7:	cmp	r1,(r1)
     132 165512 001014                  	bne	L6			; 000544 [.+32]
     133 165514 005121                  	com	(r1)+
     134 165516 077004                  	sob	r0,L7			; 000510 [.-6]
     135 165520 010301                  	mov	r3,r1
     136 165522 010500                  	mov	r5,r0
     137 165524 060111                  L8:	add	r1,(r1)
     138 165526 005221                  	inc	(r1)+
     139 165530 001005                  	bne	L6			; 000544 [.+14]
     140 165532 077004                  	sob	r0,L8			; 000524 [.-6]
     141 165534 062737  000200  172342  	add	#200,@#172342
     142 165542 000744                  	br	L9			; 000454 [.-66]
     143 165544 005037  177572          L6:	clr	@#177572
     144 165550 000000                  	halt
     145                                
     146 165552 005037  177572          L25:	clr	@#177572
     147 165556 005037  172516          	clr	@#172516
     148 165562 000402                  	br	L10			; 000570 [.+6]
     149                                
     150 165564 000167  165012'         RSTRT:	jmp	L11
     151                                
     152 165570 012737  000006  000004  L10:	mov	#6,@#4
     153 165576 160301                  	sub	r3,r1
     154 165600 005000                  	clr	r0
     155 165602 073027  000012          	ashc	#12,r0
     156 165606 063700  172342          	add	@#172342,r0
     157 165612 073027  177776          	ashc	#177776,r0
     158 165616 012737  000001  177570  	mov	#1,@#177570
     159 165624 005002                  	clr	r2
     160 165626 012737  000004  177564  	mov	#4,@#177564
     161 165634 105737  177564          L12:	tstb	@#177564
     162 165640 100375                  	bpl	L12			; 000634 [.-4]
     163 165642 110237  177566          	movb	r2,@#177566
     164 165646 105737  177560          L13:	tstb	@#177560
     165 165652 100375                  	bpl	L13			; 000646 [.-4]
     166 165654 120237  177562          	cmpb	r2,@#177562
     167 165660 001006                  	bne	L14			; 000676 [.+16]
     168 165662 005202                  	inc	r2
     169 165664 105702                  	tstb	r2
     170 165666 001362                  	bne	L12			; 000634 [.-32]
     171 165670 005037  177564          	clr	@#177564
     172 165674 000403                  	br	L15			; 000704 [.+10]
     173 165676 005037  177564          L14:	clr	@#177564
     174 165702 000000                  	halt
     175                                
     176 165704 005037  177570          L15:	clr	@#177570
     177 165710 012705  000010          	mov	#10,r5
     178 165714 012703  000003          L18:	mov	#3,r3
     179 165720 005002                  	clr	r2
     180 165722 073027  000001          L16:	ashc	#1,r0
     181 165726 006102                  	rol	r2
     182 165730 077304                  	sob	r3,L16			; 000722 [.-6]
     183 165732 062702  000060          	add	#60,r2
     184 165736 105737  177564          L17:	tstb	@#177564
     185 165742 100375                  	bpl	L17			; 000736 [.-4]
     186 165744 110237  177566          	movb	r2,@#177566
     187 165750 077517                  	sob	r5,L18			; 000714 [.-34]
     188 165752 013700  177640          	mov	@#177640,r0
     189 165756 013701  177642          	mov	@#177642,r1
     190 165762 000164  000002          	jmp	2(r4)
     191                                
     192 165766 005015                  	.word	005015
     193 165770 000240                  	.word	000240
     194 165772 000240                  	.word	000240
     195                                
     196 165774    060     104          	.ascii	"0D"
     197                                
     198 165776 113422                  CRC16:	.word	<113422>
     199                                
     200                                	.end
     200                                


Symbol table

.     =******           L12   =165634           L18   =165714           L24   =165136           L7    =165510           
CRC16 =165776           L13   =165646           L2    =165150           L25   =165552           L8    =165524           
DIAG  =165020           L14   =165676           L20   =165002           L3    =165322           L9    =165454           
L1    =165146           L15   =165704           L21   =165126           L4    =165364           MEMLOC=000500           
L10   =165570           L16   =165722           L22   =165132           L5    =165476           NODIAG=165144           
L11   =165012           L17   =165736           L23   =165140           L6    =165544           RSTRT =165564           


Program sections:

. ABS.  166000    000   (RW,I,GBL,ABS,OVR,NOSAV)
        000000    001   (RW,I,LCL,REL,CON,NOSAV)
